0 info it worked if it ends with ok
1 verbose cli [ '/opt/node/bin/node',
1 verbose cli   '/opt/node/bin/npm',
1 verbose cli   'install',
1 verbose cli   'pngquat' ]
2 info using npm@1.4.28
3 info using node@v0.10.33
4 verbose readDependencies using package.json deps
5 verbose cache add [ 'pngquat', null ]
6 verbose cache add name=undefined spec="pngquat" args=["pngquat",null]
7 verbose parsed url { protocol: null,
7 verbose parsed url   slashes: null,
7 verbose parsed url   auth: null,
7 verbose parsed url   host: null,
7 verbose parsed url   port: null,
7 verbose parsed url   hostname: null,
7 verbose parsed url   hash: null,
7 verbose parsed url   search: null,
7 verbose parsed url   query: null,
7 verbose parsed url   pathname: 'pngquat',
7 verbose parsed url   path: 'pngquat',
7 verbose parsed url   href: 'pngquat' }
8 silly lockFile 77eaaa71-pngquat pngquat
9 verbose lock pngquat /home/profit/.npm/77eaaa71-pngquat.lock
10 silly lockFile 77eaaa71-pngquat pngquat
11 silly lockFile 77eaaa71-pngquat pngquat
12 verbose addNamed [ 'pngquat', '' ]
13 verbose addNamed [ null, '*' ]
14 silly lockFile c465826c-pngquat pngquat@
15 verbose lock pngquat@ /home/profit/.npm/c465826c-pngquat.lock
16 silly addNameRange { name: 'pngquat', range: '*', hasData: false }
17 verbose request where is /pngquat
18 verbose request registry https://registry.npmjs.org/
19 verbose request id b19acd336f8aaac9
20 verbose url raw /pngquat
21 verbose url resolving [ 'https://registry.npmjs.org/', './pngquat' ]
22 verbose url resolved https://registry.npmjs.org/pngquat
23 verbose request where is https://registry.npmjs.org/pngquat
24 info trying registry request attempt 1 at 13:18:53
25 http GET https://registry.npmjs.org/pngquat
26 http 404 https://registry.npmjs.org/pngquat
27 verbose headers { date: 'Sun, 22 Mar 2015 17:18:53 GMT',
27 verbose headers   server: 'CouchDB/1.5.0 (Erlang OTP/R16B03)',
27 verbose headers   'content-type': 'application/json',
27 verbose headers   'cache-control': 'max-age=0',
27 verbose headers   'content-length': '51',
27 verbose headers   'accept-ranges': 'bytes',
27 verbose headers   via: '1.1 varnish',
27 verbose headers   age: '0',
27 verbose headers   'x-served-by': 'cache-sjc3126-SJC',
27 verbose headers   'x-cache': 'MISS',
27 verbose headers   'x-cache-hits': '0',
27 verbose headers   'x-timer': 'S1427044733.388830,VS0,VE362',
27 verbose headers   'keep-alive': 'timeout=10, max=50',
27 verbose headers   connection: 'Keep-Alive' }
28 silly registry.get cb [ 404,
28 silly registry.get   { date: 'Sun, 22 Mar 2015 17:18:53 GMT',
28 silly registry.get     server: 'CouchDB/1.5.0 (Erlang OTP/R16B03)',
28 silly registry.get     'content-type': 'application/json',
28 silly registry.get     'cache-control': 'max-age=0',
28 silly registry.get     'content-length': '51',
28 silly registry.get     'accept-ranges': 'bytes',
28 silly registry.get     via: '1.1 varnish',
28 silly registry.get     age: '0',
28 silly registry.get     'x-served-by': 'cache-sjc3126-SJC',
28 silly registry.get     'x-cache': 'MISS',
28 silly registry.get     'x-cache-hits': '0',
28 silly registry.get     'x-timer': 'S1427044733.388830,VS0,VE362',
28 silly registry.get     'keep-alive': 'timeout=10, max=50',
28 silly registry.get     connection: 'Keep-Alive' } ]
29 silly lockFile c465826c-pngquat pngquat@
30 silly lockFile c465826c-pngquat pngquat@
31 error 404 404 Not Found: pngquat
31 error 404
31 error 404 'pngquat' is not in the npm registry.
31 error 404 You should bug the author to publish it
31 error 404 It was specified as a dependency of 'clean-blog'
31 error 404
31 error 404 Note that you can also install from a
31 error 404 tarball, folder, or http url, or git url.
32 error System Linux 2.6.32-431.1.2.0.1.el6.x86_64
33 error command "/opt/node/bin/node" "/opt/node/bin/npm" "install" "pngquat"
34 error cwd /home/profit/www
35 error node -v v0.10.33
36 error npm -v 1.4.28
37 error code E404
38 verbose exit [ 1, true ]
